2026-03-09 15:13:08,439 - uav_flight_analysis - INFO - Starting UAV Flight Analysis
2026-03-09 15:13:08,440 - uav_flight_analysis - INFO - Input data: data/sample_flight_data.csv
2026-03-09 15:13:08,440 - uav_flight_analysis - INFO - Output directory: outputs
2026-03-09 15:13:08,441 - uav_flight_analysis - INFO - Step 1: Loading and validating data...
2026-03-09 15:13:08,507 - uav_flight_analysis - INFO - Dataset loaded: 6000 rows, 9 columns
2026-03-09 15:13:08,507 - uav_flight_analysis - INFO - Step 2: Preprocessing data...
2026-03-09 15:13:08,614 - uav_flight_analysis - INFO - Preprocessing completed: 5343 rows remaining
2026-03-09 15:13:08,615 - uav_flight_analysis - INFO - Step 3: Calculating flight metrics...
2026-03-09 15:13:12,619 - uav_flight_analysis - INFO - Flight metrics calculated
2026-03-09 15:13:12,619 - uav_flight_analysis - INFO - Step 4: Analyzing flight stability...
2026-03-09 15:13:12,625 - uav_flight_analysis - INFO - Stability analysis completed: Excellent
2026-03-09 15:13:12,625 - uav_flight_analysis - INFO - Step 5: Detecting anomalies...
2026-03-09 15:13:14,839 - uav_flight_analysis - INFO - Anomaly detection completed: 879 anomalies
2026-03-09 15:13:14,840 - uav_flight_analysis - INFO - Step 6: Analyzing battery performance...
2026-03-09 15:13:16,977 - uav_flight_analysis - INFO - Battery analysis completed: 24.6% consumed
2026-03-09 15:13:16,978 - uav_flight_analysis - INFO - Step 7: Detecting flight phases...
2026-03-09 15:13:16,980 - uav_flight_analysis - ERROR - Analysis failed: detect_flight_phases_hybrid() got an unexpected keyword argument 'n_clusters'
2026-03-09 15:13:16,981 - uav_flight_analysis - ERROR - Application error: detect_flight_phases_hybrid() got an unexpected keyword argument 'n_clusters'
2026-03-09 15:13:38,694 - uav_flight_analysis - INFO - Starting UAV Flight Analysis
2026-03-09 15:13:38,695 - uav_flight_analysis - INFO - Input data: data/sample_flight_data.csv
2026-03-09 15:13:38,695 - uav_flight_analysis - INFO - Output directory: outputs
2026-03-09 15:13:38,696 - uav_flight_analysis - INFO - Step 1: Loading and validating data...
2026-03-09 15:13:38,735 - uav_flight_analysis - INFO - Dataset loaded: 6000 rows, 9 columns
2026-03-09 15:13:38,736 - uav_flight_analysis - INFO - Step 2: Preprocessing data...
2026-03-09 15:13:38,779 - uav_flight_analysis - INFO - Preprocessing completed: 5343 rows remaining
2026-03-09 15:13:38,779 - uav_flight_analysis - INFO - Step 3: Calculating flight metrics...
2026-03-09 15:13:42,619 - uav_flight_analysis - INFO - Flight metrics calculated
2026-03-09 15:13:42,620 - uav_flight_analysis - INFO - Step 4: Analyzing flight stability...
2026-03-09 15:13:42,624 - uav_flight_analysis - INFO - Stability analysis completed: Excellent
2026-03-09 15:13:42,625 - uav_flight_analysis - INFO - Step 5: Detecting anomalies...
2026-03-09 15:13:44,810 - uav_flight_analysis - INFO - Anomaly detection completed: 879 anomalies
2026-03-09 15:13:44,812 - uav_flight_analysis - INFO - Step 6: Analyzing battery performance...
2026-03-09 15:13:46,907 - uav_flight_analysis - INFO - Battery analysis completed: 24.6% consumed
2026-03-09 15:13:46,908 - uav_flight_analysis - INFO - Step 7: Detecting flight phases...
2026-03-09 15:13:47,100 - uav_flight_analysis - INFO - Phase detection completed: 154 phases
2026-03-09 15:13:47,100 - uav_flight_analysis - INFO - Step 8: Generating visualizations...
2026-03-09 15:14:14,455 - uav_flight_analysis - INFO - Digital twin created
2026-03-09 15:14:14,455 - uav_flight_analysis - INFO - Step 9: Generating reports...
2026-03-09 15:14:14,520 - uav_flight_analysis - INFO - Reports generated: ['markdown', 'json', 'html']
2026-03-09 15:14:14,585 - uav_flight_analysis - INFO - Analysis completed successfully!
2026-03-09 15:20:41,622 - uav_flight_analysis - INFO - Starting UAV Flight Analysis
2026-03-09 15:20:41,623 - uav_flight_analysis - INFO - Input data: data/sample_flight_data.csv
2026-03-09 15:20:41,623 - uav_flight_analysis - INFO - Output directory: outputs
2026-03-09 15:20:41,624 - uav_flight_analysis - INFO - Step 1: Loading and validating data...
2026-03-09 15:20:41,658 - uav_flight_analysis - INFO - Dataset loaded: 6000 rows, 9 columns
2026-03-09 15:20:41,659 - uav_flight_analysis - INFO - Step 2: Preprocessing data...
2026-03-09 15:20:41,701 - uav_flight_analysis - INFO - Preprocessing completed: 5343 rows remaining
2026-03-09 15:20:41,704 - uav_flight_analysis - INFO - Step 3: Calculating flight metrics...
2026-03-09 15:20:45,512 - uav_flight_analysis - INFO - Flight metrics calculated
2026-03-09 15:20:45,512 - uav_flight_analysis - INFO - Step 4: Analyzing flight stability...
2026-03-09 15:20:45,520 - uav_flight_analysis - INFO - Stability analysis completed: Excellent
2026-03-09 15:20:45,520 - uav_flight_analysis - INFO - Step 5: Detecting anomalies...
2026-03-09 15:20:47,679 - uav_flight_analysis - INFO - Anomaly detection completed: 879 anomalies
2026-03-09 15:20:47,680 - uav_flight_analysis - INFO - Step 6: Analyzing battery performance...
2026-03-09 15:20:49,752 - uav_flight_analysis - INFO - Battery analysis completed: 24.6% consumed
2026-03-09 15:20:49,753 - uav_flight_analysis - INFO - Step 7: Detecting flight phases...
2026-03-09 15:20:49,947 - uav_flight_analysis - INFO - Phase detection completed: 154 phases
2026-03-09 15:20:50,009 - uav_flight_analysis - INFO - Analysis completed successfully!
2026-03-09 15:22:04,361 - uav_flight_analysis - INFO - Starting UAV Flight Analysis
2026-03-09 15:22:04,362 - uav_flight_analysis - INFO - Input data: data/sample_flight_data.csv
2026-03-09 15:22:04,362 - uav_flight_analysis - INFO - Output directory: outputs
2026-03-09 15:22:04,362 - uav_flight_analysis - INFO - Step 1: Loading and validating data...
2026-03-09 15:22:04,401 - uav_flight_analysis - INFO - Dataset loaded: 6000 rows, 9 columns
2026-03-09 15:22:04,402 - uav_flight_analysis - INFO - Step 2: Preprocessing data...
2026-03-09 15:22:04,474 - uav_flight_analysis - INFO - Preprocessing completed: 5343 rows remaining
2026-03-09 15:22:04,474 - uav_flight_analysis - INFO - Step 3: Calculating flight metrics...
2026-03-09 15:22:08,523 - uav_flight_analysis - INFO - Flight metrics calculated
2026-03-09 15:22:08,524 - uav_flight_analysis - INFO - Step 4: Analyzing flight stability...
2026-03-09 15:22:08,530 - uav_flight_analysis - INFO - Stability analysis completed: Excellent
2026-03-09 15:22:08,531 - uav_flight_analysis - INFO - Step 5: Detecting anomalies...
2026-03-09 15:22:10,748 - uav_flight_analysis - INFO - Anomaly detection completed: 879 anomalies
2026-03-09 15:22:10,748 - uav_flight_analysis - INFO - Step 6: Analyzing battery performance...
2026-03-09 15:22:13,054 - uav_flight_analysis - INFO - Battery analysis completed: 24.6% consumed
2026-03-09 15:22:13,055 - uav_flight_analysis - INFO - Step 7: Detecting flight phases...
2026-03-09 15:22:13,251 - uav_flight_analysis - INFO - Phase detection completed: 154 phases
2026-03-09 15:22:13,252 - uav_flight_analysis - INFO - Step 8: Generating visualizations...
2026-03-09 15:22:34,769 - uav_flight_analysis - INFO - Digital twin created
2026-03-09 15:22:34,794 - uav_flight_analysis - INFO - Step 9: Generating reports...
2026-03-09 15:22:34,892 - uav_flight_analysis - INFO - Reports generated: ['markdown', 'json', 'html']
2026-03-09 15:22:35,005 - uav_flight_analysis - INFO - Analysis completed successfully!
2026-03-09 15:30:05,711 - uav_flight_analysis - INFO - Starting UAV Flight Analysis
2026-03-09 15:30:05,760 - uav_flight_analysis - INFO - Input data: data/sample_flight_data.csv
2026-03-09 15:30:05,760 - uav_flight_analysis - INFO - Output directory: outputs
2026-03-09 15:30:05,761 - uav_flight_analysis - INFO - Step 1: Loading and validating data...
2026-03-09 15:30:05,808 - uav_flight_analysis - INFO - Dataset loaded: 6000 rows, 9 columns
2026-03-09 15:30:05,808 - uav_flight_analysis - INFO - Step 2: Preprocessing data...
2026-03-09 15:30:05,962 - uav_flight_analysis - INFO - Preprocessing completed: 5343 rows remaining
2026-03-09 15:30:05,963 - uav_flight_analysis - INFO - Step 3: Calculating flight metrics...
2026-03-09 15:30:10,551 - uav_flight_analysis - INFO - Flight metrics calculated
2026-03-09 15:30:10,551 - uav_flight_analysis - INFO - Step 4: Analyzing flight stability...
2026-03-09 15:30:10,560 - uav_flight_analysis - INFO - Stability analysis completed: Excellent
2026-03-09 15:30:10,561 - uav_flight_analysis - INFO - Step 5: Detecting anomalies...
2026-03-09 15:30:13,126 - uav_flight_analysis - INFO - Anomaly detection completed: 879 anomalies
2026-03-09 15:30:13,126 - uav_flight_analysis - INFO - Step 6: Analyzing battery performance...
2026-03-09 15:30:15,734 - uav_flight_analysis - INFO - Battery analysis completed: 24.6% consumed
2026-03-09 15:30:15,734 - uav_flight_analysis - INFO - Step 7: Detecting flight phases...
2026-03-09 15:30:15,969 - uav_flight_analysis - INFO - Phase detection completed: 154 phases
2026-03-09 15:30:16,048 - uav_flight_analysis - INFO - Analysis completed successfully!
